<?xml version="1.0" encoding="UTF-8"?>
<!-- Generated by org.testng.reporters.JUnitReportReporter -->
<testsuite skipped="0" hostname="DESKTOP-T34A5PT" name="script.TestBaseTest" tests="1" failures="0" timestamp="09 Jun 2019 05:53:52 GMT" time="30.546" errors="0">
  <testcase name="test" time="30.546" classname="script.TestBaseTest"/>
</testsuite> <!-- script.TestBaseTest -->
