<?xml version="1.0" encoding="UTF-8"?>
<!-- Generated by org.testng.reporters.JUnitReportReporter -->
<testsuite skipped="0" hostname="DESKTOP-T34A5PT" name="script.TestValidLogin" tests="1" failures="0" timestamp="09 Jun 2019 08:12:15 GMT" time="30.154" errors="0">
  <testcase name="testValidLogin" time="30.154" classname="script.TestValidLogin"/>
</testsuite> <!-- script.TestValidLogin -->
